INFO:     Will watch for changes in these directories: ['/Users/kounoyousuke/warehouse-optimizer/backend']
INFO:     Uvicorn running on http://127.0.0.1:8000 (Press CTRL+C to quit)
INFO:     Started reloader process [28997] using WatchFiles
Process SpawnProcess-1:
Traceback (most recent call last):
  File "/opt/homebrew/Cellar/python@3.13/3.13.9_1/Frameworks/Python.framework/Versions/3.13/lib/python3.13/multiprocessing/process.py", line 313, in _bootstrap
    self.run()
    ~~~~~~~~^^
  File "/opt/homebrew/Cellar/python@3.13/3.13.9_1/Frameworks/Python.framework/Versions/3.13/lib/python3.13/multiprocessing/process.py", line 108, in run
    self._target(*self._args, **self._kwargs)
    ~~~~~~~~~~~~^^^^^^^^^^^^^^^^^^^^^^^^^^^^^
  File "/Users/kounoyousuke/warehouse-optimizer/backend/.venv/lib/python3.13/site-packages/uvicorn/_subprocess.py", line 80, in subprocess_started
    target(sockets=sockets)
    ~~~~~~^^^^^^^^^^^^^^^^^
  File "/Users/kounoyousuke/warehouse-optimizer/backend/.venv/lib/python3.13/site-packages/uvicorn/server.py", line 67, in run
    return asyncio.run(self.serve(sockets=sockets))
           ~~~~~~~~~~~^^^^^^^^^^^^^^^^^^^^^^^^^^^^^
  File "/opt/homebrew/Cellar/python@3.13/3.13.9_1/Frameworks/Python.framework/Versions/3.13/lib/python3.13/asyncio/runners.py", line 195, in run
    return runner.run(main)
           ~~~~~~~~~~^^^^^^
  File "/opt/homebrew/Cellar/python@3.13/3.13.9_1/Frameworks/Python.framework/Versions/3.13/lib/python3.13/asyncio/runners.py", line 118, in run
    return self._loop.run_until_complete(task)
           ~~~~~~~~~~~~~~~~~~~~~~~~~~~~~^^^^^^
  File "uvloop/loop.pyx", line 1518, in uvloop.loop.Loop.run_until_complete
  File "/Users/kounoyousuke/warehouse-optimizer/backend/.venv/lib/python3.13/site-packages/uvicorn/server.py", line 71, in serve
    await self._serve(sockets)
  File "/Users/kounoyousuke/warehouse-optimizer/backend/.venv/lib/python3.13/site-packages/uvicorn/server.py", line 78, in _serve
    config.load()
    ~~~~~~~~~~~^^
  File "/Users/kounoyousuke/warehouse-optimizer/backend/.venv/lib/python3.13/site-packages/uvicorn/config.py", line 436, in load
    self.loaded_app = import_from_string(self.app)
                      ~~~~~~~~~~~~~~~~~~^^^^^^^^^^
  File "/Users/kounoyousuke/warehouse-optimizer/backend/.venv/lib/python3.13/site-packages/uvicorn/importer.py", line 19, in import_from_string
    module = importlib.import_module(module_str)
  File "/opt/homebrew/Cellar/python@3.13/3.13.9_1/Frameworks/Python.framework/Versions/3.13/lib/python3.13/importlib/__init__.py", line 88, in import_module
    return _bootstrap._gcd_import(name[level:], package, level)
           ~~~~~~~~~~~~~~~~~~~~~~^^^^^^^^^^^^^^^^^^^^^^^^^^^^^^
  File "<frozen importlib._bootstrap>", line 1387, in _gcd_import
  File "<frozen importlib._bootstrap>", line 1360, in _find_and_load
  File "<frozen importlib._bootstrap>", line 1331, in _find_and_load_unlocked
  File "<frozen importlib._bootstrap>", line 935, in _load_unlocked
  File "<frozen importlib._bootstrap_external>", line 1027, in exec_module
  File "<frozen importlib._bootstrap>", line 488, in _call_with_frames_removed
  File "/Users/kounoyousuke/warehouse-optimizer/backend/app/main.py", line 40, in <module>
    from app.routers import upload
  File "/Users/kounoyousuke/warehouse-optimizer/backend/app/routers/upload.py", line 65, in <module>
    from app.services.optimizer import (
    ...<6 lines>...
    )
  File "/Users/kounoyousuke/warehouse-optimizer/backend/app/services/optimizer.py", line 2646
    else:
    ^^^^
SyntaxError: invalid syntax
[main] Loaded env files: /Users/kounoyousuke/warehouse-optimizer/backend/.env, /Users/kounoyousuke/warehouse-optimizer/.env
WARNING:  WatchFiles detected changes in 'app/services/optimizer.py'. Reloading...
INFO:     Started server process [30631]
INFO:     Waiting for application startup.
INFO:     Application startup complete.
INFO:     Shutting down
INFO:     Waiting for application shutdown.
INFO:     Application shutdown complete.
INFO:     Finished server process [30631]
INFO:     Stopping reloader process [28997]
